<?xml version="1.0" encoding="utf-8"?><testsuites name="pytest tests"><testsuite name="pytest" errors="0" failures="0" skipped="0" tests="20" time="3.318" timestamp="2026-05-19T14:57:50.415663+00:00" hostname="agent-env-935b59af-a9fe-478f-b8ce-fc1cf525b2b7"><testcase classname="backend.tests.backend_test.TestSitePassword" name="test_wrong_password_401" time="0.214" /><testcase classname="backend.tests.backend_test.TestSitePassword" name="test_correct_password_ok" time="0.065" /><testcase classname="backend.tests.backend_test.TestAuth" name="test_login_wrong_creds" time="0.274" /><testcase classname="backend.tests.backend_test.TestAuth" name="test_login_success" time="0.278" /><testcase classname="backend.tests.backend_test.TestAuth" name="test_me_unauthorized" time="0.053" /><testcase classname="backend.tests.backend_test.TestAuth" name="test_me_with_token" time="0.323" /><testcase classname="backend.tests.backend_test.TestPublicContent" name="test_list_drawings" time="0.048" /><testcase classname="backend.tests.backend_test.TestPublicContent" name="test_list_writings" time="0.049" /><testcase classname="backend.tests.backend_test.TestPublicContent" name="test_list_videos" time="0.050" /><testcase classname="backend.tests.backend_test.TestMessages" name="test_list_public_only_approved" time="0.050" /><testcase classname="backend.tests.backend_test.TestMessages" name="test_list_all_requires_admin" time="0.047" /><testcase classname="backend.tests.backend_test.TestMessages" name="test_list_all_with_admin" time="0.056" /><testcase classname="backend.tests.backend_test.TestMessages" name="test_create_pending_then_approve_then_delete" time="0.380" /><testcase classname="backend.tests.backend_test.TestAdminCRUD" name="test_create_drawing_requires_admin" time="0.053" /><testcase classname="backend.tests.backend_test.TestAdminCRUD" name="test_drawing_crud" time="0.305" /><testcase classname="backend.tests.backend_test.TestAdminCRUD" name="test_writing_crud" time="0.158" /><testcase classname="backend.tests.backend_test.TestAdminCRUD" name="test_video_crud" time="0.168" /><testcase classname="backend.tests.backend_test.TestAdminCRUD" name="test_delete_nonexistent" time="0.060" /><testcase classname="backend.tests.backend_test.TestUpload" name="test_upload_requires_admin" time="0.105" /><testcase classname="backend.tests.backend_test.TestUpload" name="test_upload_and_fetch" time="0.523" /></testsuite></testsuites>